<?xml version="1.0" encoding="UTF-8"?>
<testng-results ignored="0" total="1" passed="1" failed="0" skipped="0">
  <reporter-output>
  </reporter-output>
  <suite started-at="2022-05-17T15:42:08 EDT" name="Suite1" finished-at="2022-05-17T15:42:08 EDT" duration-ms="234">
    <groups>
      <group name="cucumber">
        <method signature="AbstractTestNGCucumberTests.runScenario(io.cucumber.testng.PickleWrapper,io.cucumber.testng.FeatureWrapper)[pri:0, instance:com.EbaySearch.runners.TestRunner@b62fe6d]" name="runScenario" class="io.cucumber.testng.AbstractTestNGCucumberTests"/>
      </group> <!-- cucumber -->
    </groups>
    <test started-at="2022-05-17T15:42:08 EDT" name="com.ebay.product" finished-at="2022-05-17T15:42:08 EDT" duration-ms="234">
      <class name="com.EbaySearch.runners.TestRunner">
        <test-method is-config="true" signature="setUpClass(org.testng.ITestContext)[pri:0, instance:com.EbaySearch.runners.TestRunner@b62fe6d]" started-at="2022-05-17T15:42:08 EDT" name="setUpClass" finished-at="2022-05-17T15:42:08 EDT" duration-ms="147" status="PASS">
          <params>
            <param index="0">
              <value>
                <![CDATA[org.testng.TestRunner@1fd14d74]]>
              </value>
            </param>
          </params>
          <reporter-output>
          </reporter-output>
        </test-method> <!-- setUpClass -->
        <test-method signature="runScenario(io.cucumber.testng.PickleWrapper,io.cucumber.testng.FeatureWrapper)[pri:0, instance:com.EbaySearch.runners.TestRunner@b62fe6d]" started-at="2022-05-17T15:42:08 EDT" name="runScenario" description="Runs Cucumber Scenarios" data-provider="scenarios" finished-at="2022-05-17T15:42:08 EDT" duration-ms="59" status="PASS">
          <params>
            <param index="0">
              <value>
                <![CDATA["mac book pro"]]>
              </value>
            </param>
            <param index="1">
              <value>
                <![CDATA["Optional[Ebay Search]"]]>
              </value>
            </param>
          </params>
          <reporter-output>
          </reporter-output>
        </test-method> <!-- runScenario -->
        <test-method is-config="true" signature="tearDownClass()[pri:0, instance:com.EbaySearch.runners.TestRunner@b62fe6d]" started-at="2022-05-17T15:42:08 EDT" name="tearDownClass" finished-at="2022-05-17T15:42:08 EDT" duration-ms="9" status="PASS">
          <reporter-output>
          </reporter-output>
        </test-method> <!-- tearDownClass -->
      </class> <!-- com.EbaySearch.runners.TestRunner -->
    </test> <!-- com.ebay.product -->
  </suite> <!-- Suite1 -->
</testng-results>
