<?xml version="1.0" encoding="UTF-8"?>
<testng-results ignored="0" total="1" passed="1" failed="0" skipped="0">
  <reporter-output>
  </reporter-output>
  <suite started-at="2022-05-17T16:20:48 EDT" name="Default suite" finished-at="2022-05-17T16:20:57 EDT" duration-ms="9318">
    <groups>
      <group name="cucumber">
        <method signature="AbstractTestNGCucumberTests.runScenario(io.cucumber.testng.PickleWrapper,io.cucumber.testng.FeatureWrapper)[pri:0, instance:com.EbaySearch.runners.TestRunner@56de5251]" name="runScenario" class="io.cucumber.testng.AbstractTestNGCucumberTests"/>
      </group> <!-- cucumber -->
    </groups>
    <test started-at="2022-05-17T16:20:48 EDT" name="Default test" finished-at="2022-05-17T16:20:57 EDT" duration-ms="9318">
      <class name="com.EbaySearch.runners.TestRunner">
        <test-method is-config="true" signature="setUpClass(org.testng.ITestContext)[pri:0, instance:com.EbaySearch.runners.TestRunner@56de5251]" started-at="2022-05-17T16:20:48 EDT" name="setUpClass" finished-at="2022-05-17T16:20:48 EDT" duration-ms="189" status="PASS">
          <params>
            <param index="0">
              <value>
                <![CDATA[org.testng.TestRunner@3d36dff4]]>
              </value>
            </param>
          </params>
          <reporter-output>
          </reporter-output>
        </test-method> <!-- setUpClass -->
        <test-method signature="runScenario(io.cucumber.testng.PickleWrapper,io.cucumber.testng.FeatureWrapper)[pri:0, instance:com.EbaySearch.runners.TestRunner@56de5251]" started-at="2022-05-17T16:20:48 EDT" name="runScenario" description="Runs Cucumber Scenarios" data-provider="scenarios" finished-at="2022-05-17T16:20:57 EDT" duration-ms="9046" status="PASS">
          <params>
            <param index="0">
              <value>
                <![CDATA["mac book pro"]]>
              </value>
            </param>
            <param index="1">
              <value>
                <![CDATA["Optional[Ebay Search]"]]>
              </value>
            </param>
          </params>
          <reporter-output>
          </reporter-output>
        </test-method> <!-- runScenario -->
        <test-method is-config="true" signature="tearDownClass()[pri:0, instance:com.EbaySearch.runners.TestRunner@56de5251]" started-at="2022-05-17T16:20:57 EDT" name="tearDownClass" finished-at="2022-05-17T16:20:57 EDT" duration-ms="39" status="PASS">
          <reporter-output>
          </reporter-output>
        </test-method> <!-- tearDownClass -->
      </class> <!-- com.EbaySearch.runners.TestRunner -->
    </test> <!-- Default test -->
  </suite> <!-- Default suite -->
</testng-results>
